chrX	8293184	8297019	4720.750958
chrM	1029	6864	4533.974773
chr2L	16198231	16291466	2037.254015
chr2R	1512367	1517102	1721.858718
chr3R	14509834	14513769	1714.040436
chrY	122614	126349	1690.373195
chr2L	6097331	6100866	1612.932440
chrM	10529	13164	1603.127016
chr2L	2883731	2887566	1428.918273
chr2L	2876931	2880666	1220.725116
chr2L	16489631	16493166	1097.936742
chr2L	2491131	2494666	1097.935535
chr2L	5206331	5210466	1038.149027
chr2R	7810567	7814302	991.038730
chrY	321114	324949	989.812791
chr3R	11430034	11433569	921.939498
chr2L	18693731	18697366	921.936451
chrX	22431584	22434819	920.918426
chr3L	20767989	20773324	874.267698
chr2R	16334967	16338502	843.766334
chr2L	6609431	6613066	837.847486
chr3R	24943434	24946969	836.295957
chr3L	11560889	11564224	775.655447
chr2L	6036031	6039666	743.248354
chr2R	24667367	24671102	731.767392
chr2R	1521067	1523902	731.766149
chr2L	14347231	14350566	716.940734
chr3R	5085234	5089269	713.221820
chrY	198714	202649	705.572280
chr2R	11649967	11653602	704.620625
chr3R	27705334	27708669	699.963825
chr2R	7243767	7247802	677.826804
chr3R	10867034	10870369	673.707648
chr2R	8161967	8165702	664.564257
chr2R	12754767	12758902	651.393105
chr3R	15933034	15936469	634.979593
chr3R	25471634	25475169	622.249557
chr3R	30423034	30426969	622.249240
chr2R	23563267	23566602	612.431123
chr3R	31250934	31256269	609.609164
chr2R	15539767	15543502	599.630171
chr3L	652489	656024	578.397256
chr2L	2373331	2376966	578.291369
chr2R	17758967	17762502	574.315145
chr3L	17474489	17477924	565.974173
chr2R	23976967	23980502	561.801822
chr2R	6921767	6925002	561.800806
chr2L	10515431	10518866	554.229218
chr2R	12026167	12029802	549.385893
chrX	9777184	9780419	541.853874
chr3L	19869389	19872724	541.416975
chr2R	7988067	7991602	537.069156
chr2R	12421867	12425602	537.068214
chr2R	14859067	14862402	524.851427
chr3R	10376534	10379969	523.736760
chr3L	11096189	11100124	517.250388
chr3L	8719589	8722924	517.250178
chr3L	15506789	15512724	517.249945
chr3R	5684034	5687569	511.852073
chrX	15062284	15065719	502.625876
chr3R	12009034	12012269	500.065250
chr2L	23512231	23512966	495.703548
chr3L	11689989	11693224	493.481314
chrX	15083884	15087319	489.779843
chr2R	22560467	22563702	488.807470
chr2R	9958167	9961702	488.807362
chr2R	13448867	13452102	488.806734
chr3R	18218834	18221969	488.378173
chr3L	19685789	19689024	481.749393
chr3R	5562734	5566169	476.792874
chr2L	478931	482266	472.961104
chr2L	20921331	20924466	472.960976
chr2L	2008431	2011566	472.960780
chr3R	19155234	19158469	465.308405
chr3R	18401334	18404769	465.308236
chr3R	28543234	28546569	465.308164
chr3R	29867434	29870769	465.307773
chr2R	23522167	23525402	465.293452
chr2R	10644267	10647502	465.293187
chr2R	13591667	13594902	465.293152
chr2R	10729867	10733202	465.292933
chr3L	4824089	4827324	458.592570
chr3L	1515989	1519224	458.591979
chr3R	25489234	25492869	453.926128
chr2R	15379067	15382602	453.694254
chr2L	3711131	3714566	450.614062
chr3L	18620489	18623524	447.170855
chr3L	19922089	19925624	447.170515
chr3R	13380534	13383769	442.646985
chr3R	5854934	5858169	442.646647
chr2R	9250667	9253802	442.202916
chr2R	15990467	15993902	442.202868
chr2R	16140767	16144302	442.202707
chr2L	7040931	7044066	439.590243
chr2L	5051031	5054766	439.589845
chr3L	11551689	11555324	435.854156
chr3L	19617089	19620324	435.854112
chr3R	8029534	8034669	431.472685
chr3R	22546334	22549269	431.472607
chr3R	13087134	13090269	431.472448
chr3L	19895089	19899224	424.645388
chr3L	6486989	6490224	424.645037
chr3R	10262534	10266069	420.404864
chr3R	14888834	14892069	420.404094
chr3R	24269534	24272869	420.404064
chr3R	11961634	11964669	420.404058
chr3R	7122834	7125669	420.403721
chr3R	8674534	8678169	420.403628
chr2R	23708167	23711602	419.544161
chr2L	11497431	11500466	417.847278
chr3L	6093189	6096324	413.543304
chr3L	17423789	17428924	413.543279
chr3L	7380589	7383424	413.543237
chr3R	29121834	29124969	409.442281
chr2R	18182567	18185802	408.379967
chr2R	7697667	7700902	408.379950
chr2L	5522631	5528566	407.130914
chr3L	22261589	22264824	402.551257
chr3R	23249934	23253269	398.588641
chr3R	23279534	23282769	398.588432
chr3R	17148534	17153169	398.588019
chr2R	20621967	20625002	397.327329
chr2R	7823967	7826802	397.327232
chr2R	14156167	14159302	397.327176
chr2L	1106931	1109866	396.518695
chr2L	8155531	8158766	396.518383
chr2L	15745831	15748466	396.517961
chr3L	16417689	16421124	391.669604
chr3L	11060689	11066724	391.668971
chr3L	3196389	3199624	391.668953
chr3R	26861734	26864869	387.843988
chr3R	9265434	9268569	387.843609
chr2R	17090367	17093402	386.387442
chr2R	10436467	10439602	386.387174
chr2R	24157867	24161002	386.387041
chr2L	8514631	8519066	386.011690
chr2L	18973231	18976266	386.011550
chrY	1418414	1423349	383.663193
chr3L	8339189	8342324	380.898292
chr3L	2780289	2783324	380.898284
chr3L	17431989	17435224	380.898239
chrX	8713484	8716519	379.604322
chr3R	21268234	21272069	377.209164
chr3R	23256734	23259669	377.209138
chr3R	24585034	24588569	377.209117
chr3R	11785234	11788369	377.208834
chr3R	9046234	9049969	377.208685
chr2R	6212967	6216002	375.561856
chr2R	21500467	21503602	375.561673
chr3L	16376989	16380524	370.240809
chr3L	9971089	9974124	370.240689
chr3L	9357489	9360724	370.240218
chr3R	23731534	23734769	366.685997
chr3R	15286534	15289869	366.685645
chr2R	7565167	7568502	364.851076
chr2R	15307567	15311002	364.850479
chr3L	20524889	20528224	359.697165
chr3L	17620189	17623224	359.696590
chr3L	2630289	2633224	359.696217
chr3L	9677389	9680424	359.695833
chrX	2789684	2793019	356.518484
chr3R	19401934	19404969	356.275340
chr3R	13836434	13839769	356.275075
chr3R	30599934	30602869	356.275057
chr3R	9037534	9040769	356.274947
chr3R	15130034	15132569	356.274878
chr2L	16309131	16312566	355.135863
chr2R	6871067	6874502	354.257291
chr2R	6667067	6670302	354.257039
chr2R	9136767	9140002	354.257013
chr2R	12319967	12322802	354.256569
chr2R	24946767	24949802	354.256537
chr3L	19588989	19592124	349.268021
chr3L	19091089	19094224	349.267822
chr3L	3058689	3061324	349.267375
chr3R	25679034	25682369	345.978573
chr3R	7127034	7130069	345.978383
chr3R	21659634	21662769	345.978010
chrX	9317784	9320719	345.175843
chr2L	1609931	1612966	345.062284
chr2R	17425867	17429202	343.781269
chr3L	2372089	2375224	338.956049
chr3L	1333389	1336324	338.955198
chr3R	15217634	15220669	335.796666
chr3R	19901934	19905169	335.796542
chr2L	18675931	18678866	335.099800
chrX	1938984	1954319	333.969092
chrX	2135584	2139019	333.968830
chrX	12750084	12753119	333.968578
chrX	5736484	5739519	333.968422
chr2R	17418867	17422502	333.424837
chr2R	7538267	7541102	333.424046
chr2R	7672967	7676202	333.423905
chr2R	18424767	18427902	333.423835
chr3L	22287189	22290424	328.761556
chr3L	1557089	1560324	328.761465
chr3L	7327389	7330524	328.761442
chr3L	5562089	5565624	328.761409
chr3L	11695489	11698524	328.761393
chr3L	4312089	4315124	328.761240
chr3L	15497489	15500724	328.760981
chr3R	25333834	25336769	325.731271
chr2L	1727431	1730466	325.250355
chr2L	106031	109666	325.250298
chr2L	451631	454066	325.249451
chr2R	24610067	24613202	323.188341
chr2R	9120667	9123702	323.188291
chr2R	13437567	13440702	323.188255
chr2R	10781067	10784202	323.188211
chr2R	13982167	13985202	323.188165
chr2R	16097267	16100202	323.187938
chr2R	15146567	15149402	323.187825
chr2R	21310867	21314102	323.187725
chrX	353684	356819	322.898747
chr3L	16350589	16353424	318.686311
chr3L	18665989	18668924	318.686047
chr3L	5138089	5141224	318.685858
chr3L	15830789	15834124	318.685837
chr3R	24812634	24815869	315.783965
chr3R	11795434	11798469	315.783902
chr3R	20007134	20010069	315.783901
chr3R	5860934	5863869	315.783748
chr3R	27237834	27240669	315.783613
chr2L	20089831	20092966	315.514591
chr2L	18701831	18704966	315.514466
chr2L	3871031	3873766	315.513821
chr2R	9444567	9447802	313.074667
chr2R	9205967	9209202	313.074447
chr2R	12630867	12634202	313.074437
chrX	21366884	21370119	311.969246
chr3L	14070489	14073424	308.731665
chr3L	4192589	4195624	308.731627
chr3L	9071489	9074424	308.731480
chr3R	18020134	18023269	305.955964
chr3R	31793034	31796169	305.955567
chr3R	9398734	9401669	305.955243
chr2L	8381231	8384466	305.893206
chr2L	19425031	19427966	305.893180
chr2L	4979931	4982966	305.892877
chr2L	402831	405666	305.892868
chr2L	16886931	16889766	305.892794
chr2L	19582731	19588766	305.892751
chr2L	13365331	13368266	305.892456
chr2R	10812067	10815202	303.084675
chr2R	23696767	23699602	303.084551
chr2R	10065267	10068302	303.084435
chr2R	6075367	6078302	303.084379
chr2R	16006267	16009102	303.084375
chr2R	8080667	8084002	303.084364
chr2R	21294167	21297602	303.084355
chr2R	16195167	16198302	303.084227
chrX	11885884	11888619	301.180289
chr3L	21030189	21033424	298.899613
chr3L	19253589	19256424	298.899005
chr2L	9165231	9168166	296.388128
chr2L	5518831	5521466	296.387917
chr3R	5462234	5465369	296.247940
chr3R	4802134	4807869	296.247860
chr3R	25481734	25484469	296.247601
chr3R	15135534	15141569	296.247460
chr2R	22059867	22062702	293.219266
chr2R	13204867	13208002	293.219233
chr2R	19218867	19228302	293.219222
chr2R	6759067	6765002	293.218874
chr3L	8602389	8605524	289.190530
chr3L	19293489	19304524	289.190431
chr3L	22726689	22729424	289.190316
chr3L	20374589	20377424	289.190268
chr3L	1883589	1886524	289.190131
chr3L	17352089	17354724	289.189907
chr2L	4463231	4465866	287.000695
chr2L	16190331	16195466	287.000464
chr2L	3468931	3471566	287.000453
chr2L	10341331	10344266	287.000128
chr3R	28334434	28337569	286.662196
chr3R	15195134	15198269	286.662059
chr3R	17078634	17081669	286.661958
chr3R	19146934	19149469	286.661867
chr3R	22361434	22364469	286.661749
chr3R	21161734	21164569	286.661747
chr3R	22022034	22024669	286.661713
chr3R	30457934	30460769	286.661671
chr2R	13229067	13232102	283.481180
chr2R	6740767	6743602	283.481089
chr2R	19135867	19138902	283.480619
chr2R	22636167	22639502	283.480514
chrX	2442684	2445519	280.036452
chrX	12010884	12013719	280.036245
chr3L	1797389	1800324	279.606468
chr3L	20473189	20475924	279.606005
chr3L	19859889	19862224	279.605732
chr2L	23369131	23373466	277.732437
chr2L	9430031	9432466	277.731952
chr3R	9514134	9517469	277.199633
chr3R	7245734	7251169	277.199478
chr3R	18979734	18982669	277.199448
chr3R	27273034	27276069	277.199250
chr3R	16440334	16443369	277.199149
chr3R	29747934	29750669	277.199037
chr3R	19640934	19644569	277.199005
chr2R	10807567	10810902	273.870869
chr2R	8950067	8953102	273.870758
chr2R	16290067	16295802	273.869769
chr3L	18867389	18871024	270.148759
chr3L	360089	362824	270.148660
chr3L	1962989	1965524	270.148562
chr2L	18942531	18945466	268.584466
chr2L	6672531	6675366	268.584297
chr2L	16298831	16301766	268.584166
chr3R	11234634	11237969	267.862110
chr3R	26874834	26877869	267.861951
chr3R	14326134	14329669	267.861861
chr3R	30021134	30023769	267.861833
chr3R	10880834	10884469	267.861635
chr3R	16145534	16148269	267.861535
chr3R	29502334	29504969	267.861514
chr2R	15572467	15575102	264.390406
chr2R	15933167	15936302	264.390367
chr2R	11278367	11281102	264.390297
chr2R	18146667	18149502	264.390286
chr2R	7919867	7924702	264.390099
chr2R	6034967	6037802	264.389785
chr2R	16101767	16104702	264.389484
chr3L	1645589	1648724	260.819683
chr3L	8632889	8635724	260.819545
chr3L	12753389	12756524	260.819540
chr2L	8211431	8214266	259.557284
chrX	17630784	17633719	259.482048
chrX	21052384	21055619	259.481936
chrX	10085184	10087919	259.481857
chrX	6676884	6679719	259.481651
chrX	7936484	7939419	259.481413
chr3R	17384534	17387469	258.650694
chr3R	14878134	14880869	258.650593
chr3R	24133634	24136369	258.650465
chr3R	11230234	11232869	258.650342
chr3R	28887434	28890369	258.650323
chr3R	26055434	26059969	258.650249
chr2R	10308967	10311502	255.041091
chr2R	24662567	24665902	255.040825
chr3L	11119189	11123024	251.619906
chr3L	11209289	11212324	251.619865
chr3L	5144889	5147424	251.619529
chr3L	22863289	22865324	251.619152
chr2L	13202331	13205266	250.654445
chr2L	3301531	3303966	250.654023
chr2L	5944731	5949466	250.653992
chr2L	8510531	8513766	250.653955
chr2L	10742831	10745166	250.653933
chr3R	10871434	10873969	249.567407
chr3R	9333734	9336869	249.567321
chr3R	31614934	31617969	249.567321
chr3R	24048734	24051669	249.567298
chr3R	10884734	10887169	249.567250
chr3R	19026534	19029069	249.567055
chr3R	9754434	9758169	249.566918
chrX	13385884	13389119	249.431986
chrX	12628684	12631419	249.431412
chrX	19490884	19493919	249.431325
chrX	5878784	5881319	249.431072
chrX	1922184	1929519	249.430644
chr2R	16827967	16831202	245.825456
chr2R	16010367	16013302	245.825454
chr2R	15677867	15680602	245.825332
chr2R	13952967	13955702	245.825303
chr2R	23955967	23958602	245.825269
chr2R	16771467	16774302	245.825250
chr3L	4258089	4261224	242.551634
chr3L	680289	683224	242.551526
chr3L	19844089	19847024	242.551408
chr3L	19907389	19910824	242.551384
chr3L	2261589	2264224	242.551073
chrY	1447214	1451049	241.899254
chrY	1640914	1643649	241.893782
chr2L	2986631	2989466	241.875126
chr2L	6852931	6855266	241.874960
chr3R	24289034	24291869	240.613751
chr3R	5622134	5625369	240.613629
chr3R	30055534	30058369	240.613383
chr3R	22017734	22020469	240.613339
chr3R	29236134	29238569	240.613304
chr3R	11740734	11743269	240.613303
chr3R	29735834	29737869	240.613283
chr3R	19022734	19025869	240.613266
chr3R	25593434	25595969	240.613148
chrX	757884	760519	239.534778
chrX	15696284	15698719	239.534759
chrX	3775084	3778219	239.534734
chrX	1963684	1966119	239.534605
chr2R	23552367	23556302	236.744855
chr2R	19394767	19397602	236.744669
chr2R	11983867	11987302	236.744628
chr2R	17516667	17519602	236.744577
chr2R	15216467	15219302	236.744433
chr2R	24173467	24176102	236.744430
chr2R	11148867	11151302	236.744424
chr2R	14151467	14154402	236.744252
chr2R	11630467	11637102	236.744201
chr3L	14630789	14633824	233.616279
chr3L	11204589	11207724	233.616063
chr3L	4107589	4110024	233.615442
chr3L	18625089	18627424	233.615366
chr3L	14409489	14411924	233.615364
chr3L	20822889	20824824	233.615121
chr2L	154231	157066	233.222749
chr2L	6560931	6563566	233.222560
chr2L	2215831	2218566	233.222338
chr2L	20648531	20651266	233.222166
chr2L	6047231	6049966	233.222072
chr3R	8662834	8665569	231.790874
chr3R	19647334	19649869	231.790852
chr3R	27115534	27118069	231.790839
chr3R	25053234	25056269	231.790831
chr3R	10852834	10856269	231.790831
chr3R	10043734	10046969	231.790736
chr3R	17390334	17392869	231.790660
chrX	15851984	15854819	229.795272
chrX	5694784	5697319	229.795128
chrX	528584	531219	229.795118
chrX	2731184	2733719	229.794845
chrX	17848884	17851619	229.794644
chr2R	9864067	9867002	227.800232
chr2R	21668767	21671302	227.800230
chr2R	10822067	10824902	227.799883
chr2R	24963867	24966402	227.799812
chr3L	11168589	11171324	224.815114
chr3L	2598489	2601224	224.815084
chr3L	15161889	15164524	224.814986
chr3L	19927489	19930024	224.814972
chr3L	8952689	8956224	224.814786
chr2L	10505631	10508466	224.697523
chr2L	12062231	12064666	224.697230
chr2L	5905931	5908466	224.697172
chr2L	6064531	6067166	224.696714
chr3R	20020234	20022769	223.101082
chr3R	11434634	11436769	223.100782
chr3R	14124134	14126869	223.100778
chrX	15732384	15734719	220.213686
chr2R	13218967	13225302	218.994215
chr2L	2991531	2994166	216.301623
chr2L	2977831	2980666	216.301325
chr2L	2145931	2148566	216.301288
chr2L	16878431	16880866	216.301251
chr2L	539631	542066	216.301241
chr2L	4972631	4975566	216.301230
chr2L	3456131	3458266	216.301104
chr3L	20184989	20187524	216.150741
chr3L	4285689	4288424	216.150739
chr3L	12266189	12268324	216.150231
chrY	883514	886449	215.573254
chrY	558114	560749	215.560236
chr3R	8012034	8015069	214.545654
chr3R	13709634	13711969	214.545508
chr3R	24151434	24153669	214.545392
chr3R	30178434	30181269	214.545391
chrX	7966284	7969019	210.793536
chrX	6660584	6663019	210.793491
chrX	2148484	2151019	210.793252
chr2R	16320867	16323702	210.328742
chr2R	18849567	18852102	210.328737
chr2R	22373567	22376402	210.328547
chr2R	6661567	6663602	210.328451
chr2R	7060467	7063202	210.328442
chr2R	22512967	22516002	210.328396
chr2R	17849667	17852402	210.328393
chr2R	20669867	20672502	210.328370
chr2R	24342367	24344902	210.328369
chr2R	24570567	24575802	210.328114
chr2R	24781567	24785002	210.328102
chr2L	13779531	13782266	208.036282
chr2L	5095131	5097566	208.036208
chr2L	19525431	19527766	208.036156
chr2L	18605031	18607066	208.036087
chr2L	9953131	9955666	208.036009
chr2L	20644831	20647166	208.035879
chr2L	17483431	17485666	208.035836
chr2L	15750231	15752166	208.035688
chr3L	1617189	1619424	207.624526
chr3R	8822934	8825669	206.126908
chr3R	24187334	24189869	206.126817
chr3R	7886134	7888469	206.126652
chr3R	9031834	9034969	206.126595
chr3R	29805834	29808169	206.126503
chr3R	20821034	20823569	206.126490
chr3R	14885134	14887469	206.126436
chr3R	24147934	24150069	206.126418
chr2R	17584867	17587202	201.805040
chr2R	23967267	23969502	201.804753
chr2R	24056467	24058702	201.804433
chrX	15322084	15324719	201.537337
chrX	19478884	19481419	201.537316
chrX	359284	361819	201.537311
chrX	15138584	15140819	201.536691
chr2L	13177731	13180266	199.903784
chr2L	9567931	9570466	199.903357
chr3L	21678989	21681424	199.238631
chr3L	3805489	3807724	199.238527
chr3L	16585589	16588624	199.238460
chr3L	8298189	8301424	199.238397
chr3L	5134989	5137024	199.238238
chr3L	9837289	9840124	199.238117
chr3R	11748534	11751369	197.845904
chr3R	9573034	9575769	197.845704
chr3R	7912334	7914969	197.845678
chr3R	20591634	20594469	197.845674
chr3R	15963034	15965369	197.845636
chr3R	30386834	30389369	197.845626
chr3R	16645334	16648469	197.845543
chr3R	29722334	29724669	197.845500
chr3R	4310234	4312769	197.845499
chr3R	31052834	31055169	197.845481
chr3R	25901134	25903169	197.845476
chr2R	14215767	14218202	193.425816
chr2R	15128267	15130102	193.425687
chr2R	23692767	23695102	193.425532
chr2R	14525467	14527502	193.425402
chr2R	21059567	21061902	193.425399
chr2R	20996367	20998902	193.425362
chr2R	23712567	23714902	193.425112
chrX	15332284	15334619	192.447391
chrX	20425984	20428719	192.447270
chrX	11714984	11718019	192.447119
chrX	10766784	10769119	192.447045
chrX	8435884	8438019	192.446986
chrX	486784	489119	192.446953
chr2L	7181031	7183566	191.905142
chr2L	8436731	8438966	191.904743
chr2L	3812031	3814666	191.904623
chr2L	13386331	13388266	191.904538
chr2L	489431	491966	191.904536
chr2L	19757631	19759566	191.904244
chr3L	12001789	12004124	190.994387
chr3L	20430889	20433724	190.994307
chr3L	11647489	11649724	190.994294
chr3L	17906689	17909324	190.994177
chr3L	20383089	20385424	190.994121
chr3L	2772989	2775224	190.994012
chr3L	3191489	3193724	190.994007
chr3L	19792589	19795324	190.993981
chr3L	11251789	11254324	190.993972
chr3L	21616689	21618824	190.993858
chrY	84114	87049	190.035347
chrY	195014	198249	190.033309
chrY	3561314	3564049	190.030601
chr3R	29253834	29256669	189.704547
chr3R	10414734	10417169	189.704403
chr3R	5611034	5613669	189.704356
chr3R	30045134	30047569	189.704282
chr3R	18300434	18302569	189.704240
chr3R	19863434	19865769	189.704218
chr3R	16337434	16339669	189.704191
chr3R	21126234	21128669	189.704128
chr2R	19423467	19425802	185.192213
chr2R	7654067	7656802	185.192202
chr2R	9143667	9146502	185.192133
chr2R	23963867	23966902	185.191736
chr2L	8685031	8687166	184.041951
chr2L	16325231	16327566	184.041843
chr2L	13285431	13287466	184.041802
chr2L	4948731	4950566	184.041624
chr2L	3029031	3030966	184.041587
chr2L	3465131	3467266	184.041582
chr2L	19125931	19128466	184.041520
chr2L	3036431	3039566	184.041485
chr2L	12019731	12021766	184.041364
chrX	653884	656219	183.526610
chrX	8898884	8901619	183.526415
chrX	7335284	7338119	183.526332
chrX	11338684	11341019	183.526129
chrX	19178684	19180919	183.525903
chr3L	10884589	10886824	182.893978
chr3L	689489	692124	182.893972
chr3L	14784189	14787024	182.893954
chr3L	21303389	21305324	182.893874
chr3L	12500589	12503124	182.893837
chr3L	22266089	22268224	182.893761
chr3L	16099489	16101624	182.893754
chr3L	21838989	21841624	182.893723
chr3L	17911589	17913624	182.893623
chr3L	1312189	1314624	182.893606
chr3L	21195789	21198024	182.893532
chr3L	1545589	1548724	182.893404
chr3R	9746434	9749369	181.705038
chr3R	9872834	9875669	181.705037
chr3R	7901534	7903769	181.704976
chr3R	16280234	16282369	181.704960
chr3R	12400634	12403069	181.704919
chr3R	28844134	28846069	181.704823
chr3R	16262734	16265169	181.704805
chr3R	13698534	13700569	181.704800
chr3R	6658234	6661369	181.704760
chr3R	9245034	9247069	181.704741
chr2R	18611867	18614902	177.107362
chr2R	8155767	8157802	177.107103
chr2R	17405967	17408002	177.106983
chr2R	21701967	21703902	177.106975
chr2R	16229167	16231102	177.106957
chr2R	20273467	20275402	177.106922
chr2R	14362767	14364302	177.106727
chr2R	13213867	13216002	177.106672
chr2L	10988331	10990566	176.316599
chr2L	2574331	2575866	176.316112
chr2L	9698731	9700966	176.316045
chr2L	8042431	8044366	176.316001
chr3L	7356489	7361424	174.939470
chr3L	22877589	22880024	174.939421
chr3L	4020489	4022624	174.939398
chr3L	17998689	18001324	174.939344
chr3L	19805889	19808624	174.939316
chr3L	20360389	20362724	174.939309
chr3L	3784289	3787224	174.939255
chr3L	10858589	10860824	174.939081
chr3L	3070789	3072724	174.938903
chrX	8143684	8145619	174.776962
chrX	4678684	4680619	174.776680
chrX	796084	798019	174.776428
chr3R	31607234	31611069	173.849155
chr3R	24658334	24660669	173.849063
chr3R	29033234	29035469	173.848955
chr3R	5669334	5672669	173.848835
chr3R	9710034	9712269	173.848659
chr2R	22211567	22214102	169.172045
chr2R	19669367	19671702	169.171967
chr2R	9545367	9548302	169.171946
chr2R	17725967	17728302	169.171918
chr2R	11283367	11285402	169.171807
chr2R	13484167	13486402	169.171806
chr2R	11884667	11886802	169.171697
chr2R	19491467	19493502	169.171604
chr2R	12451867	12453702	169.171561
chr2R	10420867	10423002	169.171454
chr2R	13238667	13240202	169.171332
chr2L	12434831	12437166	168.730614
chr2L	21152931	21155566	168.730597
chr2L	4332631	4334866	168.730535
chr2L	6061531	6063366	168.730507
chr2L	2356331	2358266	168.730487
chr2L	9615731	9617866	168.730444
chr2L	4944631	4946366	168.730307
chr2L	20074331	20076566	168.730080
chr2L	13547931	13549666	168.729893
chr3L	14758789	14761624	167.132572
chr3L	9967289	9969224	167.132570
chr3L	17531289	17533224	167.132532
chr3L	11245989	11248124	167.132529
chr3L	21827389	21829624	167.132434
chr3L	9456189	9458424	167.132420
chr3L	3394189	3396424	167.132413
chrX	8250784	8252819	166.202445
chrX	7010184	7012819	166.202358
chrX	6090384	6092219	166.202224
chrX	3483784	3486419	166.202081
chrX	19565184	19567019	166.202000
chrX	12611084	12612819	166.201974
chrX	13738484	13740619	166.201968
chrX	2618884	2620419	166.201858
chr3R	15370834	15373169	166.138774
chr3R	29802034	29804069	166.138647
chr3R	5590634	5592969	166.138644
chr3R	22746334	22748569	166.138588
chr3R	22612634	22614769	166.138502
chr3R	23757434	23759669	166.138439
chr3R	31403634	31405169	166.138212
chr2R	24941167	24943702	161.389113
chr2R	17563967	17565802	161.389100
chr2R	24194667	24197002	161.389030
chr2R	18179267	18181302	161.388970
chr2R	8067567	8069502	161.388933
chr2R	17456667	17461202	161.388924
chr2R	22933967	22936102	161.388895
chr2R	18795767	18797702	161.388750
chr2L	21107931	21109766	161.285719
chr2L	21308331	21310666	161.285715
chr2L	9937731	9939766	161.285635
chr2L	17383931	17386266	161.285608
chr2L	17500131	17502066	161.285457
chr2L	8520931	8522766	161.285290
chr2L	6786631	6788366	161.285246
chr2L	12721631	12723266	161.285203
chr2L	3039931	3041166	161.284905
chr3L	8765589	8767524	159.475854
chr3L	11486589	11489124	159.475749
chr3L	15579589	15581924	159.475596
chr3L	291489	293724	159.475486
chr3R	23921834	23923869	158.575956
chr3R	15349734	15352269	158.575811
chr3R	8303134	8305169	158.575702
chr3R	18676734	18678969	158.575697
chr3R	18667034	18669069	158.575674
chr3R	15356334	15358169	158.575654
chr3R	17646434	17648769	158.575636
chr3R	15264434	15266769	158.575633
chr3R	12626534	12628769	158.575613
chr3R	24529434	24531569	158.575612
chr3R	28325634	28327869	158.575601
chr3R	11407534	11409569	158.575558
chr3R	5367834	5369269	158.575521
chr3R	15093534	15095069	158.575408
chrX	2261784	2263619	157.804999
chrX	19505084	19507219	157.804972
chrX	4321684	4324019	157.804890
chrX	16287084	16289019	157.804737
chrX	8156384	8158119	157.804715
chrX	7094984	7096819	157.804633
chrX	2183784	2185519	157.804568
chrX	5898784	5901219	157.804468
chrX	8036884	8038319	157.804406
chrX	12909284	12910619	157.804313
chr2L	19113531	19115366	153.983603
chr2L	9894531	9896666	153.983595
chr2L	8996331	8998466	153.983595
chr2L	10200031	10202166	153.983551
chr2L	8162331	8164166	153.983545
chr2L	10355731	10357566	153.983463
chr2L	4849831	4851466	153.983419
chr2L	15005031	15006666	153.983392
chr2R	9592767	9595402	153.761162
chr2R	6612367	6614802	153.761139
chr2R	9097067	9099302	153.761005
chr2R	21713567	21715802	153.760921
chr2R	20278067	20279702	153.760847
chr2R	24779367	24781002	153.760833
chr2R	10123567	10125802	153.760830
chr2R	14854167	14856102	153.760616
chr2R	9045167	9046402	153.760328
chr2R	17780567	17781702	153.760172
chr3L	12849089	12851324	151.970977
chr3L	9421989	9424424	151.970799
chr3L	5365089	5366924	151.970756
chr3L	5769389	5771924	151.970744
chr3L	6957189	6958924	151.970712
chr3L	8359589	8361024	151.970679
chr3L	8176589	8178124	151.970481
chr3L	22741089	22742324	151.970443
chr3R	19093334	19096069	151.162540
chr3R	13982334	13984669	151.162519
chr3R	8715234	8717569	151.162491
chr3R	23994934	23996769	151.162436
chr3R	11759834	11762669	151.162407
chr3R	22467534	22469169	151.162347
chr3R	23533234	23534869	151.162320
chr3R	22410134	22411869	151.162314
chr3R	5516634	5518469	151.162295
chr3R	24129634	24131169	151.162177
chrX	11569984	11571719	149.588069
chrX	13128784	13131019	149.588042
chrX	8092084	8094119	149.587996
chrX	13639984	13641819	149.587973
chrX	9195584	9197519	149.587918
chrX	11350284	11352019	149.587825
chrX	2269784	2271319	149.587801
chrX	7704684	7706319	149.587678
chrX	4929784	4931119	149.587590
chrX	22373184	22374419	149.587568
chrX	11892184	11893419	149.587372
chr2L	10487931	10489866	146.826804
chr2L	4998231	4999766	146.826711
chr2L	8071131	8072366	146.826444
chr2L	8488231	8489766	146.826417
chr2L	283031	284366	146.826301
chr2R	9423467	9426602	146.289373
chr2R	10109867	10111702	146.289347
chr2R	14656667	14658602	146.289300
chr2R	16014767	16017702	146.289224
chr2R	23559867	23561602	146.289191
chr2R	11639167	11641302	146.289076
chr2R	11618467	11619902	146.289016
chr2R	9954567	9956202	146.289014
chr2R	14669267	14670502	146.288986
chr2R	18657067	18659102	146.288925
chr3L	223089	225424	144.620121
chr3L	15142889	15144924	144.620016
chr3L	56489	58324	144.619932
chr3L	11491789	11493724	144.619852
chr3L	18819389	18821924	144.619817
chr3L	833889	835324	144.619784
chr3L	204789	207024	144.619760
chr3L	257989	259224	144.619677
chr3L	14975989	14977224	144.619568
chr4	696535	698070	144.481318
chr3R	15342634	15344769	143.900992
chr3R	31809634	31811669	143.900974
chr3R	24162234	24164469	143.900964
chr3R	26051634	26052969	143.900874
chr3R	25246434	25248869	143.900861
chr3R	24829134	24830869	143.900825
chr3R	19846634	19848569	143.900773
chr3R	31222234	31223769	143.900683
chrY	487814	491549	141.661763
chrY	955614	957649	141.660916
chrY	2626414	2627849	141.660523
chrY	1452314	1454149	141.656207
chrY	100014	102749	141.650907
chrY	361414	362849	141.650643
chrY	1115314	1117849	141.648597
chrY	1121814	1124249	141.648502
chrY	1428214	1430049	141.648099
chrX	14581984	14583519	141.554467
chrX	5917084	5918519	141.554466
chrX	8689584	8691119	141.554292
chrX	1341584	1343119	141.554244
chrX	6770584	6772219	141.554227
chrX	4918084	4919619	141.554217
chr2L	20096631	20098066	139.816554
chr2L	13834331	13836266	139.816530
chr2L	7026631	7028266	139.816515
chr2L	2744631	2745966	139.816417
chr2L	6489431	6491066	139.816415
chr2L	21165531	21167666	139.816399
chr2L	9494531	9495866	139.816382
chr2L	2855531	2856966	139.816165
chr2R	9552567	9554602	138.976693
chr2R	18845567	18847102	138.976678
chr2R	22924567	22926402	138.976649
chr2R	21024467	21026102	138.976644
chr2R	12691467	12693002	138.976596
chr2R	10558067	10559802	138.976548
chr2R	12325367	12326802	138.976526
chr2R	16148667	16150502	138.976448
chr2R	24606167	24608302	138.976440
chr2R	23938867	23940002	138.976416
chr2R	10478267	10479902	138.976408
chr2R	7589367	7590602	138.976397
chr2R	22605567	22607402	138.976365
chr2R	7462967	7464302	138.976228
chr2R	12592667	12593602	138.976082
chr2R	11893067	11893902	138.975918
chr3L	183889	185324	137.425584
chr3L	11815089	11816524	137.425537
chr3L	11123389	11124624	137.425472
chr3L	11214789	11216524	137.425365
chr3L	10630889	10632124	137.425357
chr3L	9135189	9136324	137.425341
chr3L	9426189	9428224	137.425336
chr3L	5810989	5812124	137.425253
chr3L	17657289	17658524	137.425197
chr3L	8296389	8297524	137.425121
chr3L	8115989	8117024	137.425087
chr3R	31804634	31806369	136.793138
chr3R	11626334	11628069	136.793111
chr3R	20829934	20832069	136.793034
chr3R	28695634	28696969	136.793016
chr3R	14737834	14739369	136.792865
chr3R	12016534	12017569	136.792750
chr3R	21864834	21866069	136.792738
chr3R	5112334	5113369	136.792683
chrX	21116684	21118019	133.707762
chrX	11817184	11819319	133.707667
chrX	2343184	2344719	133.707627
chrX	3693884	3695519	133.707480
chrX	5084184	5085419	133.707440
chrX	17421884	17423419	133.707315
chrX	15572384	15573219	133.707044
chr2L	4197431	4198666	132.955384
chr2L	9920731	9921966	132.955165
chr2R	22074667	22076302	131.825660
chr2R	21496467	21498002	131.825539
chr2R	16849567	16851202	131.825495
chr2R	21646467	21647902	131.825462
chr2R	15511067	15512502	131.825435
chr2R	18671967	18673502	131.825435
chr2R	7528867	7530102	131.825381
chr2R	11196967	11199102	131.825378
chr2R	16221167	16222402	131.825362
chr2R	14410967	14412502	131.825321
chr2R	12173267	12174702	131.825292
chr2R	24186867	24188202	131.825253
chr2R	24969167	24970202	131.825118
chr2R	15351067	15352002	131.825112
chr2R	7533567	7534602	131.825073
chr2R	10538867	10539802	131.825038
chr2R	17590867	17591802	131.824990
chr2R	11888967	11889802	131.824924
chr3L	640089	641724	130.389815
chr3L	2466789	2468224	130.389785
chr3L	14779989	14781624	130.389749
chr3L	11683089	11684524	130.389719
chr3L	12529389	12530724	130.389700
chr3L	3142989	3144224	130.389560
chr3L	3178689	3179824	130.389439
chr3L	20841289	20842524	130.389408
chr3L	3224389	3225424	130.389379
chr3L	4364389	4365224	130.389244
chr3R	8818334	8819769	129.841244
chr3R	5647734	5649069	129.841241
chr3R	9563234	9564469	129.841237
chr3R	29137834	29139169	129.841235
chr3R	13365334	13366369	129.841160
chr3R	24053634	24055269	129.841111
chr3R	8668834	8670069	129.841101
chr3R	9511934	9513069	129.841092
chr3R	23781634	23782969	129.841071
chr3R	24917334	24918369	129.841035
chr3R	15786734	15787669	129.840942
chr3R	21156634	21157369	129.840806
chr3R	8673434	8674069	129.840729
chr2L	21794831	21795766	126.244930
chr2L	16350431	16351666	126.244850
chr2L	2236331	2237166	126.244799
chr2L	1710031	1710766	126.244575
chrX	10595484	10596719	126.050728
chrX	11324684	11325919	126.050656
chrX	255084	256019	126.050617
chrX	1374884	1375919	126.050594
chrX	5745784	5746719	126.050580
chrX	13783084	13784119	126.050533
chrX	10385284	10386319	126.050507
chrX	1908084	1909119	126.050431
chrX	6824084	6825019	126.050427
chrX	12719884	12720519	126.050234
chrX	23452484	23453019	126.050063
chr2R	10097767	10098902	124.837855
chr2R	12879067	12880402	124.837848
chr2R	8667467	8668402	124.837825
chr2R	15930567	15931902	124.837803
chr2R	10534167	10535202	124.837795
chr2R	11690267	11691302	124.837784
chr2R	13545967	13546902	124.837764
chr2R	9691867	9692802	124.837725
chr2R	10033167	10034502	124.837703
chr2R	7668267	7669302	124.837693
chr2R	11982167	11983002	124.837652
chr2R	8060667	8061502	124.837624
chr2R	12137967	12138902	124.837588
chr2R	9426667	9427302	124.837522
chr2R	21282767	21283402	124.837434
chr3L	6262889	6264224	123.514804
chr3L	6495489	6496624	123.514764
chr3L	9411489	9412624	123.514644
chr3L	7370989	7371924	123.514641
chr3L	19585489	19586924	123.514619
chr3L	9898489	9899624	123.514591
chr3L	2589289	2590124	123.514588
chr3L	3809889	3810824	123.514582
chr3L	9434289	9435224	123.514530
chr3L	13441989	13442824	123.514485
chr3L	19817889	19818624	123.514463
chr3L	16045289	16046024	123.514404
chr3L	15955689	15956424	123.514373
chr3L	17802989	17803624	123.514322
chr3R	12448734	12450169	123.047698
chr3R	8340634	8341869	123.047667
chr3R	9703434	9704669	123.047664
chr3R	9006734	9008069	123.047588
chr3R	5215734	5216969	123.047553
chr3R	11226934	11227769	123.047519
chr3R	25684934	25685769	123.047477
chr3R	18164534	18165269	123.047424
chr3R	16222534	16223269	123.047417
chr3R	15229334	15230169	123.047372
chr3R	16349634	16350369	123.047332
chr3R	21878234	21878669	123.047158
chr3R	16986434	16986969	123.047152
chr2L	13191231	13192466	119.687597
chr2L	21157631	21158466	119.687515
chr2L	18858831	18859466	119.687410
chr2L	8943331	8943966	119.687389
chr2L	6480331	6480966	119.687360
chr2L	19865831	19866266	119.687269
chr2L	7038031	7038466	119.687239
chr2L	867531	867966	119.687239
chr2L	10315331	10315666	119.687221
chr2L	872231	872666	119.687130
chrY	3271814	3273049	118.983606
chrY	27714	29249	118.982424
chrY	475914	477249	118.981869
chrY	1455114	1456649	118.981361
chrY	250114	251149	118.976802
chrY	169114	169949	118.972477
chrY	1451314	1452049	118.971334
chrY	350814	351349	118.967997
chrY	2480814	2481249	118.967363
chrY	94514	94849	118.967319
chrX	1460684	1461519	118.587049
chrX	19617084	19617919	118.586995
chrX	8407984	8408919	118.586969
chrX	2041184	2042019	118.586924
chrX	2180184	2181219	118.586914
chrX	15891584	15892219	118.586876
chrX	15701984	15702619	118.586832
chrX	2009284	2009919	118.586811
chrX	9159284	9159919	118.586794
chrX	8121384	8121919	118.586724
chrX	2703884	2704319	118.586678
chrX	7324884	7325319	118.586675
chrX	3935584	3936019	118.586630
chr2R	6985167	6986002	118.016580
chr2R	22853767	22854602	118.016567
chr2R	4675267	4675802	118.016530
chr2R	8144767	8145502	118.016512
chr2R	12958467	12959102	118.016507
chr2R	6133567	6134302	118.016501
chr2R	9586367	9587102	118.016488
chr2R	22803067	22803802	118.016467
chr2R	4674767	4675102	118.016456
chr2R	16210467	16211002	118.016423
chr2R	21056767	21057302	118.016416
chr2R	19293067	19293602	118.016410
chr2R	18157067	18157702	118.016391
chr2R	24903067	24903602	118.016391
chr2R	20551767	20552402	118.016381
chr2R	16785167	16785702	118.016359
chr2R	24661167	24661602	118.016310
chr2R	9585767	9586002	118.016287
chr2R	12979767	12980202	118.016273
chr2R	24762267	24762802	118.016232
chr2R	12588467	12588902	118.016219
chr2R	4657267	4657702	118.016162
chr2R	13169867	13170202	118.016149
chr2R	23079367	23079602	118.016147
chr2R	10159367	10159602	118.016140
chr3L	4002989	4004324	116.803090
chr3L	16574489	16575424	116.803047
chr3L	10665189	10665824	116.802957
chr3L	711389	712024	116.802922
chr3L	11261189	11261924	116.802921
chr3L	4407189	4407824	116.802911
chr3L	16583189	16583724	116.802869
chr3L	16712289	16712924	116.802840
chr3L	263989	264424	116.802801
chr3L	16381589	16382124	116.802792
chr3L	1318289	1318724	116.802766
chr3L	2553289	2553724	116.802764
chr3L	753289	753624	116.802762
chr3L	5932589	5933024	116.802759
chr3L	781589	782024	116.802740
chr3L	14613589	14613924	116.802729
chr3L	12136089	12136324	116.802727
chr3L	18899289	18899724	116.802724
chr3L	19044089	19044324	116.802715
chr3L	8309489	8309824	116.802703
chr3L	19612389	19612624	116.802632
chr3R	5654834	5655669	116.414500
chr3R	10862934	10863769	116.414490
chr3R	21631834	21632969	116.414454
chr3R	8650934	8651669	116.414442
chr3R	17712934	17713669	116.414440
chr3R	14722134	14722869	116.414439
chr3R	30802334	30803069	116.414435
chr3R	8810934	8811669	116.414422
chr3R	5081534	5082169	116.414411
chr3R	24566634	24567169	116.414377
chr3R	24150334	24150669	116.414332
chr3R	27150134	27150669	116.414296
chr3R	18274234	18274669	116.414294
chr3R	12460634	12460869	116.414287
chr3R	4400134	4400469	116.414277
chr3R	9054434	9054969	116.414268
chr3R	29935434	29935869	116.414263
chr3R	23669734	23669969	116.414201
chr3R	9533834	9534069	116.414160
